<?xml version="1.0" encoding="UTF-8"?>
<coverage generated="1772133136182" clover="3.2.0">
  <project timestamp="1772133136182" name="All files">
    <metrics statements="201" coveredstatements="201" conditionals="85" coveredconditionals="82" methods="21" coveredmethods="21" elements="307" coveredelements="304" complexity="0" loc="201" ncloc="201" packages="1" files="3" classes="3"/>
    <file name="experiment-mode.ts" path="/Users/colegawin/Desktop/sdk/packages/ts/tracing/src/experiment-mode.ts">
      <metrics statements="10" coveredstatements="10" conditionals="3" coveredconditionals="3" methods="3" coveredmethods="3"/>
      <line num="1" count="1" type="stmt"/>
      <line num="3" count="1" type="cond" truecount="1" falsecount="0"/>
      <line num="4" count="1" type="stmt"/>
      <line num="5" count="1" type="stmt"/>
      <line num="7" count="1" type="cond" truecount="1" falsecount="0"/>
      <line num="8" count="24" type="stmt"/>
      <line num="9" count="24" type="stmt"/>
      <line num="11" count="1" type="cond" truecount="1" falsecount="0"/>
      <line num="12" count="12" type="stmt"/>
      <line num="13" count="12" type="stmt"/>
    </file>
    <file name="run-batch-span-processor.ts" path="/Users/colegawin/Desktop/sdk/packages/ts/tracing/src/run-batch-span-processor.ts">
      <metrics statements="150" coveredstatements="150" conditionals="67" coveredconditionals="64" methods="14" coveredmethods="14"/>
      <line num="1" count="1" type="stmt"/>
      <line num="13" count="1" type="cond" truecount="1" falsecount="0"/>
      <line num="14" count="19" type="stmt"/>
      <line num="15" count="19" type="stmt"/>
      <line num="16" count="19" type="stmt"/>
      <line num="17" count="19" type="stmt"/>
      <line num="18" count="19" type="stmt"/>
      <line num="19" count="19" type="stmt"/>
      <line num="20" count="19" type="stmt"/>
      <line num="21" count="19" type="stmt"/>
      <line num="22" count="19" type="stmt"/>
      <line num="23" count="19" type="stmt"/>
      <line num="25" count="19" type="cond" truecount="1" falsecount="0"/>
      <line num="26" count="19" type="stmt"/>
      <line num="27" count="19" type="stmt"/>
      <line num="29" count="19" type="cond" truecount="1" falsecount="0"/>
      <line num="30" count="24" type="stmt"/>
      <line num="32" count="24" type="cond" truecount="1" falsecount="0"/>
      <line num="33" count="13" type="cond" truecount="1" falsecount="0"/>
      <line num="34" count="13" type="stmt"/>
      <line num="35" count="13" type="stmt"/>
      <line num="36" count="13" type="stmt"/>
      <line num="37" count="13" type="stmt"/>
      <line num="38" count="13" type="cond" truecount="1" falsecount="0"/>
      <line num="39" count="1" type="stmt"/>
      <line num="40" count="1" type="stmt"/>
      <line num="41" count="13" type="stmt"/>
      <line num="42" count="13" type="stmt"/>
      <line num="43" count="13" type="cond" truecount="1" falsecount="0"/>
      <line num="45" count="24" type="cond" truecount="1" falsecount="0"/>
      <line num="46" count="24" type="cond" truecount="2" falsecount="0"/>
      <line num="48" count="10" type="stmt"/>
      <line num="49" count="10" type="cond" truecount="2" falsecount="0"/>
      <line num="51" count="24" type="cond" truecount="1" falsecount="0"/>
      <line num="52" count="8" type="stmt"/>
      <line num="53" count="8" type="cond" truecount="0" falsecount="1"/>
      <line num="54" count="8" type="cond" truecount="1" falsecount="0"/>
      <line num="56" count="9" type="stmt"/>
      <line num="57" count="9" type="stmt"/>
      <line num="58" count="24" type="stmt"/>
      <line num="60" count="19" type="cond" truecount="1" falsecount="0"/>
      <line num="61" count="21" type="stmt"/>
      <line num="62" count="21" type="stmt"/>
      <line num="63" count="21" type="cond" truecount="1" falsecount="0"/>
      <line num="64" count="2" type="cond" truecount="2" falsecount="0"/>
      <line num="65" count="1" type="cond" truecount="1" falsecount="0"/>
      <line num="66" count="1" type="stmt"/>
      <line num="68" count="21" type="cond" truecount="2" falsecount="0"/>
      <line num="70" count="20" type="stmt"/>
      <line num="71" count="20" type="stmt"/>
      <line num="72" count="20" type="stmt"/>
      <line num="73" count="20" type="stmt"/>
      <line num="74" count="21" type="cond" truecount="1" falsecount="0"/>
      <line num="75" count="7" type="stmt"/>
      <line num="76" count="7" type="cond" truecount="0" falsecount="1"/>
      <line num="77" count="7" type="stmt"/>
      <line num="78" count="7" type="stmt"/>
      <line num="79" count="7" type="stmt"/>
      <line num="80" count="7" type="stmt"/>
      <line num="81" count="7" type="cond" truecount="1" falsecount="0"/>
      <line num="82" count="6" type="stmt"/>
      <line num="83" count="7" type="cond" truecount="1" falsecount="0"/>
      <line num="84" count="1" type="stmt"/>
      <line num="85" count="1" type="stmt"/>
      <line num="86" count="1" type="stmt"/>
      <line num="87" count="1" type="stmt"/>
      <line num="88" count="1" type="stmt"/>
      <line num="89" count="7" type="cond" truecount="1" falsecount="0"/>
      <line num="91" count="21" type="cond" truecount="1" falsecount="0"/>
      <line num="92" count="19" type="stmt"/>
      <line num="93" count="19" type="cond" truecount="2" falsecount="0"/>
      <line num="94" count="13" type="stmt"/>
      <line num="95" count="19" type="cond" truecount="1" falsecount="0"/>
      <line num="97" count="21" type="cond" truecount="1" falsecount="0"/>
      <line num="98" count="11" type="stmt"/>
      <line num="99" count="11" type="stmt"/>
      <line num="100" count="11" type="cond" truecount="1" falsecount="0"/>
      <line num="102" count="21" type="cond" truecount="1" falsecount="0"/>
      <line num="103" count="1" type="stmt"/>
      <line num="104" count="1" type="cond" truecount="1" falsecount="0"/>
      <line num="106" count="20" type="stmt"/>
      <line num="107" count="21" type="stmt"/>
      <line num="109" count="19" type="cond" truecount="1" falsecount="0"/>
      <line num="110" count="5" type="stmt"/>
      <line num="111" count="5" type="cond" truecount="1" falsecount="0"/>
      <line num="112" count="5" type="stmt"/>
      <line num="113" count="5" type="stmt"/>
      <line num="114" count="5" type="stmt"/>
      <line num="115" count="5" type="stmt"/>
      <line num="117" count="19" type="cond" truecount="1" falsecount="0"/>
      <line num="118" count="3" type="cond" truecount="2" falsecount="0"/>
      <line num="120" count="2" type="stmt"/>
      <line num="121" count="2" type="stmt"/>
      <line num="122" count="2" type="stmt"/>
      <line num="123" count="3" type="stmt"/>
      <line num="125" count="19" type="cond" truecount="1" falsecount="0"/>
      <line num="126" count="44" type="cond" truecount="1" falsecount="0"/>
      <line num="127" count="44" type="stmt"/>
      <line num="129" count="19" type="cond" truecount="1" falsecount="0"/>
      <line num="130" count="13" type="stmt"/>
      <line num="131" count="13" type="stmt"/>
      <line num="132" count="13" type="cond" truecount="1" falsecount="0"/>
      <line num="133" count="13" type="cond" truecount="3" falsecount="0"/>
      <line num="134" count="13" type="stmt"/>
      <line num="136" count="19" type="cond" truecount="1" falsecount="0"/>
      <line num="137" count="13" type="stmt"/>
      <line num="138" count="13" type="stmt"/>
      <line num="139" count="13" type="cond" truecount="1" falsecount="0"/>
      <line num="140" count="13" type="stmt"/>
      <line num="142" count="19" type="cond" truecount="1" falsecount="0"/>
      <line num="143" count="20" type="stmt"/>
      <line num="144" count="20" type="stmt"/>
      <line num="147" count="20" type="cond" truecount="1" falsecount="0"/>
      <line num="148" count="20" type="stmt"/>
      <line num="150" count="19" type="cond" truecount="1" falsecount="0"/>
      <line num="151" count="20" type="stmt"/>
      <line num="152" count="20" type="stmt"/>
      <line num="154" count="19" type="cond" truecount="1" falsecount="0"/>
      <line num="155" count="24" type="cond" truecount="3" falsecount="0"/>
      <line num="156" count="10" type="stmt"/>
      <line num="157" count="10" type="cond" truecount="1" falsecount="0"/>
      <line num="159" count="14" type="stmt"/>
      <line num="161" count="14" type="stmt"/>
      <line num="162" count="14" type="stmt"/>
      <line num="163" count="14" type="stmt"/>
      <line num="165" count="24" type="cond" truecount="2" falsecount="0"/>
      <line num="167" count="13" type="cond" truecount="1" falsecount="0"/>
      <line num="168" count="13" type="cond" truecount="1" falsecount="0"/>
      <line num="169" count="13" type="stmt"/>
      <line num="170" count="24" type="stmt"/>
      <line num="172" count="19" type="cond" truecount="1" falsecount="0"/>
      <line num="173" count="12" type="cond" truecount="0" falsecount="1"/>
      <line num="174" count="12" type="stmt"/>
      <line num="176" count="19" type="cond" truecount="1" falsecount="0"/>
      <line num="177" count="14" type="cond" truecount="1" falsecount="0"/>
      <line num="178" count="24" type="cond" truecount="1" falsecount="0"/>
      <line num="179" count="22" type="stmt"/>
      <line num="180" count="22" type="stmt"/>
      <line num="181" count="24" type="stmt"/>
      <line num="182" count="14" type="cond" truecount="1" falsecount="0"/>
      <line num="183" count="1" type="stmt"/>
      <line num="184" count="1" type="stmt"/>
      <line num="185" count="1" type="stmt"/>
      <line num="186" count="1" type="stmt"/>
      <line num="187" count="14" type="stmt"/>
      <line num="188" count="14" type="stmt"/>
      <line num="189" count="14" type="stmt"/>
      <line num="190" count="14" type="stmt"/>
      <line num="191" count="14" type="stmt"/>
      <line num="192" count="19" type="stmt"/>
    </file>
    <file name="trace-wrapper.ts" path="/Users/colegawin/Desktop/sdk/packages/ts/tracing/src/trace-wrapper.ts">
      <metrics statements="41" coveredstatements="41" conditionals="15" coveredconditionals="15" methods="4" coveredmethods="4"/>
      <line num="1" count="1" type="stmt"/>
      <line num="2" count="1" type="stmt"/>
      <line num="3" count="1" type="stmt"/>
      <line num="53" count="1" type="cond" truecount="1" falsecount="0"/>
      <line num="54" count="12" type="cond" truecount="1" falsecount="0"/>
      <line num="56" count="12" type="stmt"/>
      <line num="59" count="12" type="stmt"/>
      <line num="60" count="12" type="stmt"/>
      <line num="61" count="12" type="stmt"/>
      <line num="62" count="12" type="stmt"/>
      <line num="63" count="12" type="stmt"/>
      <line num="64" count="12" type="cond" truecount="2" falsecount="0"/>
      <line num="65" count="12" type="cond" truecount="1" falsecount="0"/>
      <line num="66" count="12" type="stmt"/>
      <line num="67" count="12" type="stmt"/>
      <line num="70" count="12" type="stmt"/>
      <line num="71" count="12" type="cond" truecount="1" falsecount="0"/>
      <line num="72" count="12" type="stmt"/>
      <line num="74" count="12" type="stmt"/>
      <line num="75" count="12" type="cond" truecount="1" falsecount="0"/>
      <line num="76" count="12" type="cond" truecount="1" falsecount="0"/>
      <line num="77" count="4" type="cond" truecount="2" falsecount="0"/>
      <line num="78" count="2" type="stmt"/>
      <line num="79" count="2" type="stmt"/>
      <line num="80" count="2" type="stmt"/>
      <line num="81" count="4" type="stmt"/>
      <line num="83" count="12" type="cond" truecount="1" falsecount="0"/>
      <line num="84" count="2" type="cond" truecount="2" falsecount="0"/>
      <line num="85" count="2" type="stmt"/>
      <line num="86" count="2" type="stmt"/>
      <line num="88" count="12" type="cond" truecount="1" falsecount="0"/>
      <line num="90" count="11" type="stmt"/>
      <line num="91" count="12" type="stmt"/>
      <line num="92" count="12" type="cond" truecount="1" falsecount="0"/>
      <line num="94" count="1" type="stmt"/>
      <line num="95" count="1" type="stmt"/>
      <line num="97" count="1" type="stmt"/>
      <line num="98" count="1" type="stmt"/>
      <line num="99" count="12" type="stmt"/>
      <line num="101" count="12" type="stmt"/>
      <line num="102" count="12" type="stmt"/>
    </file>
  </project>
</coverage>
