{"/Users/colegawin/Desktop/sdk/packages/ts/tracing/src/experiment-mode.ts": {"path":"/Users/colegawin/Desktop/sdk/packages/ts/tracing/src/experiment-mode.ts","all":false,"statementMap":{"0":{"start":{"line":1,"column":0},"end":{"line":1,"column":34}},"2":{"start":{"line":3,"column":0},"end":{"line":3,"column":46}},"3":{"start":{"line":4,"column":0},"end":{"line":4,"column":31}},"4":{"start":{"line":5,"column":0},"end":{"line":5,"column":1}},"6":{"start":{"line":7,"column":0},"end":{"line":7,"column":47}},"7":{"start":{"line":8,"column":0},"end":{"line":8,"column":32}},"8":{"start":{"line":9,"column":0},"end":{"line":9,"column":1}},"10":{"start":{"line":11,"column":0},"end":{"line":11,"column":52}},"11":{"start":{"line":12,"column":0},"end":{"line":12,"column":31}},"12":{"start":{"line":13,"column":0},"end":{"line":13,"column":1}}},"s":{"0":1,"2":1,"3":1,"4":1,"6":1,"7":24,"8":24,"10":1,"11":12,"12":12},"branchMap":{"0":{"type":"branch","line":3,"loc":{"start":{"line":3,"column":7},"end":{"line":5,"column":1}},"locations":[{"start":{"line":3,"column":7},"end":{"line":5,"column":1}}]},"1":{"type":"branch","line":7,"loc":{"start":{"line":7,"column":7},"end":{"line":9,"column":1}},"locations":[{"start":{"line":7,"column":7},"end":{"line":9,"column":1}}]},"2":{"type":"branch","line":11,"loc":{"start":{"line":11,"column":7},"end":{"line":13,"column":1}},"locations":[{"start":{"line":11,"column":7},"end":{"line":13,"column":1}}]}},"b":{"0":[1],"1":[24],"2":[12]},"fnMap":{"0":{"name":"enableExperimentMode","decl":{"start":{"line":3,"column":7},"end":{"line":5,"column":1}},"loc":{"start":{"line":3,"column":7},"end":{"line":5,"column":1}},"line":3},"1":{"name":"disableExperimentMode","decl":{"start":{"line":7,"column":7},"end":{"line":9,"column":1}},"loc":{"start":{"line":7,"column":7},"end":{"line":9,"column":1}},"line":7},"2":{"name":"isExperimentModeEnabled","decl":{"start":{"line":11,"column":7},"end":{"line":13,"column":1}},"loc":{"start":{"line":11,"column":7},"end":{"line":13,"column":1}},"line":11}},"f":{"0":1,"1":24,"2":12}}
,"/Users/colegawin/Desktop/sdk/packages/ts/tracing/src/run-batch-span-processor.ts": {"path":"/Users/colegawin/Desktop/sdk/packages/ts/tracing/src/run-batch-span-processor.ts","all":false,"statementMap":{"0":{"start":{"line":1,"column":0},"end":{"line":1,"column":36}},"12":{"start":{"line":13,"column":0},"end":{"line":13,"column":61}},"13":{"start":{"line":14,"column":0},"end":{"line":14,"column":29}},"14":{"start":{"line":15,"column":0},"end":{"line":15,"column":51}},"15":{"start":{"line":16,"column":0},"end":{"line":16,"column":55}},"16":{"start":{"line":17,"column":0},"end":{"line":17,"column":59}},"17":{"start":{"line":18,"column":0},"end":{"line":18,"column":48}},"18":{"start":{"line":19,"column":0},"end":{"line":19,"column":61}},"19":{"start":{"line":20,"column":0},"end":{"line":20,"column":62}},"20":{"start":{"line":21,"column":0},"end":{"line":21,"column":53}},"21":{"start":{"line":22,"column":0},"end":{"line":22,"column":39}},"22":{"start":{"line":23,"column":0},"end":{"line":23,"column":42}},"24":{"start":{"line":25,"column":0},"end":{"line":25,"column":39}},"25":{"start":{"line":26,"column":0},"end":{"line":26,"column":29}},"26":{"start":{"line":27,"column":0},"end":{"line":27,"column":3}},"28":{"start":{"line":29,"column":0},"end":{"line":29,"column":54}},"29":{"start":{"line":30,"column":0},"end":{"line":30,"column":45}},"31":{"start":{"line":32,"column":0},"end":{"line":32,"column":35}},"32":{"start":{"line":33,"column":0},"end":{"line":33,"column":64}},"33":{"start":{"line":34,"column":0},"end":{"line":34,"column":47}},"34":{"start":{"line":35,"column":0},"end":{"line":35,"column":44}},"35":{"start":{"line":36,"column":0},"end":{"line":36,"column":48}},"36":{"start":{"line":37,"column":0},"end":{"line":37,"column":52}},"37":{"start":{"line":38,"column":0},"end":{"line":38,"column":40}},"38":{"start":{"line":39,"column":0},"end":{"line":39,"column":43}},"39":{"start":{"line":40,"column":0},"end":{"line":40,"column":7}},"40":{"start":{"line":41,"column":0},"end":{"line":41,"column":49}},"41":{"start":{"line":42,"column":0},"end":{"line":42,"column":13}},"42":{"start":{"line":43,"column":0},"end":{"line":43,"column":5}},"44":{"start":{"line":45,"column":0},"end":{"line":45,"column":56}},"45":{"start":{"line":46,"column":0},"end":{"line":46,"column":30}},"47":{"start":{"line":48,"column":0},"end":{"line":48,"column":55}},"48":{"start":{"line":49,"column":0},"end":{"line":49,"column":23}},"50":{"start":{"line":51,"column":0},"end":{"line":51,"column":65}},"51":{"start":{"line":52,"column":0},"end":{"line":52,"column":55}},"52":{"start":{"line":53,"column":0},"end":{"line":53,"column":98}},"53":{"start":{"line":54,"column":0},"end":{"line":54,"column":5}},"55":{"start":{"line":56,"column":0},"end":{"line":56,"column":42}},"56":{"start":{"line":57,"column":0},"end":{"line":57,"column":45}},"57":{"start":{"line":58,"column":0},"end":{"line":58,"column":3}},"59":{"start":{"line":60,"column":0},"end":{"line":60,"column":35}},"60":{"start":{"line":61,"column":0},"end":{"line":61,"column":45}},"61":{"start":{"line":62,"column":0},"end":{"line":62,"column":17}},"62":{"start":{"line":63,"column":0},"end":{"line":63,"column":39}},"63":{"start":{"line":64,"column":0},"end":{"line":64,"column":37}},"64":{"start":{"line":65,"column":0},"end":{"line":65,"column":63}},"65":{"start":{"line":66,"column":0},"end":{"line":66,"column":21}},"67":{"start":{"line":68,"column":0},"end":{"line":68,"column":23}},"69":{"start":{"line":70,"column":0},"end":{"line":70,"column":51}},"70":{"start":{"line":71,"column":0},"end":{"line":71,"column":57}},"71":{"start":{"line":72,"column":0},"end":{"line":72,"column":48}},"72":{"start":{"line":73,"column":0},"end":{"line":73,"column":71}},"73":{"start":{"line":74,"column":0},"end":{"line":74,"column":27}},"74":{"start":{"line":75,"column":0},"end":{"line":75,"column":51}},"75":{"start":{"line":76,"column":0},"end":{"line":76,"column":83}},"76":{"start":{"line":77,"column":0},"end":{"line":77,"column":54}},"77":{"start":{"line":78,"column":0},"end":{"line":78,"column":68}},"78":{"start":{"line":79,"column":0},"end":{"line":79,"column":10}},"79":{"start":{"line":80,"column":0},"end":{"line":80,"column":26}},"80":{"start":{"line":81,"column":0},"end":{"line":81,"column":48}},"81":{"start":{"line":82,"column":0},"end":{"line":82,"column":53}},"82":{"start":{"line":83,"column":0},"end":{"line":83,"column":9}},"83":{"start":{"line":84,"column":0},"end":{"line":84,"column":79}},"84":{"start":{"line":85,"column":0},"end":{"line":85,"column":36}},"85":{"start":{"line":86,"column":0},"end":{"line":86,"column":60}},"86":{"start":{"line":87,"column":0},"end":{"line":87,"column":9}},"87":{"start":{"line":88,"column":0},"end":{"line":88,"column":7}},"88":{"start":{"line":89,"column":0},"end":{"line":89,"column":5}},"90":{"start":{"line":91,"column":0},"end":{"line":91,"column":28}},"91":{"start":{"line":92,"column":0},"end":{"line":92,"column":44}},"92":{"start":{"line":93,"column":0},"end":{"line":93,"column":34}},"93":{"start":{"line":94,"column":0},"end":{"line":94,"column":43}},"94":{"start":{"line":95,"column":0},"end":{"line":95,"column":5}},"96":{"start":{"line":97,"column":0},"end":{"line":97,"column":24}},"97":{"start":{"line":98,"column":0},"end":{"line":98,"column":32}},"98":{"start":{"line":99,"column":0},"end":{"line":99,"column":45}},"99":{"start":{"line":100,"column":0},"end":{"line":100,"column":5}},"101":{"start":{"line":102,"column":0},"end":{"line":102,"column":32}},"102":{"start":{"line":103,"column":0},"end":{"line":103,"column":34}},"103":{"start":{"line":104,"column":0},"end":{"line":104,"column":5}},"105":{"start":{"line":106,"column":0},"end":{"line":106,"column":43}},"106":{"start":{"line":107,"column":0},"end":{"line":107,"column":3}},"108":{"start":{"line":109,"column":0},"end":{"line":109,"column":37}},"109":{"start":{"line":110,"column":0},"end":{"line":110,"column":44}},"110":{"start":{"line":111,"column":0},"end":{"line":111,"column":79}},"111":{"start":{"line":112,"column":0},"end":{"line":112,"column":35}},"112":{"start":{"line":113,"column":0},"end":{"line":113,"column":39}},"113":{"start":{"line":114,"column":0},"end":{"line":114,"column":5}},"114":{"start":{"line":115,"column":0},"end":{"line":115,"column":3}},"116":{"start":{"line":117,"column":0},"end":{"line":117,"column":35}},"117":{"start":{"line":118,"column":0},"end":{"line":118,"column":32}},"119":{"start":{"line":120,"column":0},"end":{"line":120,"column":27}},"120":{"start":{"line":121,"column":0},"end":{"line":121,"column":28}},"121":{"start":{"line":122,"column":0},"end":{"line":122,"column":29}},"122":{"start":{"line":123,"column":0},"end":{"line":123,"column":3}},"124":{"start":{"line":125,"column":0},"end":{"line":125,"column":61}},"125":{"start":{"line":126,"column":0},"end":{"line":126,"column":67}},"126":{"start":{"line":127,"column":0},"end":{"line":127,"column":3}},"128":{"start":{"line":129,"column":0},"end":{"line":129,"column":60}},"129":{"start":{"line":130,"column":0},"end":{"line":130,"column":84}},"130":{"start":{"line":131,"column":0},"end":{"line":131,"column":18}},"131":{"start":{"line":132,"column":0},"end":{"line":132,"column":47}},"132":{"start":{"line":133,"column":0},"end":{"line":133,"column":77}},"133":{"start":{"line":134,"column":0},"end":{"line":134,"column":3}},"135":{"start":{"line":136,"column":0},"end":{"line":136,"column":49}},"136":{"start":{"line":137,"column":0},"end":{"line":137,"column":84}},"137":{"start":{"line":138,"column":0},"end":{"line":138,"column":18}},"138":{"start":{"line":139,"column":0},"end":{"line":139,"column":56}},"139":{"start":{"line":140,"column":0},"end":{"line":140,"column":3}},"141":{"start":{"line":142,"column":0},"end":{"line":142,"column":86}},"142":{"start":{"line":143,"column":0},"end":{"line":143,"column":12}},"143":{"start":{"line":144,"column":0},"end":{"line":144,"column":26}},"146":{"start":{"line":147,"column":0},"end":{"line":147,"column":33}},"147":{"start":{"line":148,"column":0},"end":{"line":148,"column":3}},"149":{"start":{"line":150,"column":0},"end":{"line":150,"column":64}},"150":{"start":{"line":151,"column":0},"end":{"line":151,"column":64}},"151":{"start":{"line":152,"column":0},"end":{"line":152,"column":3}},"153":{"start":{"line":154,"column":0},"end":{"line":154,"column":77}},"154":{"start":{"line":155,"column":0},"end":{"line":155,"column":89}},"155":{"start":{"line":156,"column":0},"end":{"line":156,"column":13}},"156":{"start":{"line":157,"column":0},"end":{"line":157,"column":5}},"158":{"start":{"line":159,"column":0},"end":{"line":159,"column":42}},"160":{"start":{"line":161,"column":0},"end":{"line":161,"column":31}},"161":{"start":{"line":162,"column":0},"end":{"line":162,"column":33}},"162":{"start":{"line":163,"column":0},"end":{"line":163,"column":32}},"164":{"start":{"line":165,"column":0},"end":{"line":165,"column":45}},"166":{"start":{"line":167,"column":0},"end":{"line":167,"column":42}},"167":{"start":{"line":168,"column":0},"end":{"line":168,"column":51}},"168":{"start":{"line":169,"column":0},"end":{"line":169,"column":7}},"169":{"start":{"line":170,"column":0},"end":{"line":170,"column":3}},"171":{"start":{"line":172,"column":0},"end":{"line":172,"column":58}},"172":{"start":{"line":173,"column":0},"end":{"line":173,"column":64}},"173":{"start":{"line":174,"column":0},"end":{"line":174,"column":3}},"175":{"start":{"line":176,"column":0},"end":{"line":176,"column":47}},"176":{"start":{"line":177,"column":0},"end":{"line":177,"column":71}},"177":{"start":{"line":178,"column":0},"end":{"line":178,"column":34}},"178":{"start":{"line":179,"column":0},"end":{"line":179,"column":42}},"179":{"start":{"line":180,"column":0},"end":{"line":180,"column":7}},"180":{"start":{"line":181,"column":0},"end":{"line":181,"column":5}},"181":{"start":{"line":182,"column":0},"end":{"line":182,"column":82}},"182":{"start":{"line":183,"column":0},"end":{"line":183,"column":34}},"183":{"start":{"line":184,"column":0},"end":{"line":184,"column":53}},"184":{"start":{"line":185,"column":0},"end":{"line":185,"column":7}},"185":{"start":{"line":186,"column":0},"end":{"line":186,"column":5}},"186":{"start":{"line":187,"column":0},"end":{"line":187,"column":45}},"187":{"start":{"line":188,"column":0},"end":{"line":188,"column":43}},"188":{"start":{"line":189,"column":0},"end":{"line":189,"column":42}},"189":{"start":{"line":190,"column":0},"end":{"line":190,"column":47}},"190":{"start":{"line":191,"column":0},"end":{"line":191,"column":3}},"191":{"start":{"line":192,"column":0},"end":{"line":192,"column":1}}},"s":{"0":1,"12":1,"13":19,"14":19,"15":19,"16":19,"17":19,"18":19,"19":19,"20":19,"21":19,"22":19,"24":19,"25":19,"26":19,"28":19,"29":24,"31":24,"32":13,"33":13,"34":13,"35":13,"36":13,"37":13,"38":1,"39":1,"40":13,"41":13,"42":13,"44":24,"45":24,"47":10,"48":10,"50":24,"51":8,"52":8,"53":8,"55":9,"56":9,"57":24,"59":19,"60":21,"61":21,"62":21,"63":2,"64":1,"65":1,"67":21,"69":20,"70":20,"71":20,"72":20,"73":21,"74":7,"75":7,"76":7,"77":7,"78":7,"79":7,"80":7,"81":6,"82":7,"83":1,"84":1,"85":1,"86":1,"87":1,"88":7,"90":21,"91":19,"92":19,"93":13,"94":19,"96":21,"97":11,"98":11,"99":11,"101":21,"102":1,"103":1,"105":20,"106":21,"108":19,"109":5,"110":5,"111":5,"112":5,"113":5,"114":5,"116":19,"117":3,"119":2,"120":2,"121":2,"122":3,"124":19,"125":44,"126":44,"128":19,"129":13,"130":13,"131":13,"132":13,"133":13,"135":19,"136":13,"137":13,"138":13,"139":13,"141":19,"142":20,"143":20,"146":20,"147":20,"149":19,"150":20,"151":20,"153":19,"154":24,"155":10,"156":10,"158":14,"160":14,"161":14,"162":14,"164":24,"166":13,"167":13,"168":13,"169":24,"171":19,"172":12,"173":12,"175":19,"176":14,"177":24,"178":22,"179":22,"180":24,"181":14,"182":1,"183":1,"184":1,"185":1,"186":14,"187":14,"188":14,"189":14,"190":14,"191":19},"branchMap":{"0":{"type":"branch","line":13,"loc":{"start":{"line":13,"column":60},"end":{"line":192,"column":1}},"locations":[{"start":{"line":13,"column":60},"end":{"line":192,"column":1}}]},"1":{"type":"branch","line":25,"loc":{"start":{"line":25,"column":2},"end":{"line":27,"column":3}},"locations":[{"start":{"line":25,"column":2},"end":{"line":27,"column":3}}]},"2":{"type":"branch","line":29,"loc":{"start":{"line":29,"column":2},"end":{"line":58,"column":3}},"locations":[{"start":{"line":29,"column":2},"end":{"line":58,"column":3}}]},"3":{"type":"branch","line":32,"loc":{"start":{"line":32,"column":34},"end":{"line":43,"column":5}},"locations":[{"start":{"line":32,"column":34},"end":{"line":43,"column":5}}]},"4":{"type":"branch","line":33,"loc":{"start":{"line":33,"column":46},"end":{"line":33,"column":64}},"locations":[{"start":{"line":33,"column":46},"end":{"line":33,"column":64}}]},"5":{"type":"branch","line":38,"loc":{"start":{"line":38,"column":39},"end":{"line":40,"column":7}},"locations":[{"start":{"line":38,"column":39},"end":{"line":40,"column":7}}]},"6":{"type":"branch","line":43,"loc":{"start":{"line":43,"column":4},"end":{"line":45,"column":49}},"locations":[{"start":{"line":43,"column":4},"end":{"line":45,"column":49}}]},"7":{"type":"branch","line":45,"loc":{"start":{"line":45,"column":30},"end":{"line":45,"column":56}},"locations":[{"start":{"line":45,"column":30},"end":{"line":45,"column":56}}]},"8":{"type":"branch","line":46,"loc":{"start":{"line":46,"column":23},"end":{"line":46,"column":30}},"locations":[{"start":{"line":46,"column":23},"end":{"line":46,"column":30}}]},"9":{"type":"branch","line":46,"loc":{"start":{"line":46,"column":23},"end":{"line":49,"column":23}},"locations":[{"start":{"line":46,"column":23},"end":{"line":49,"column":23}}]},"10":{"type":"branch","line":49,"loc":{"start":{"line":49,"column":16},"end":{"line":49,"column":23}},"locations":[{"start":{"line":49,"column":16},"end":{"line":49,"column":23}}]},"11":{"type":"branch","line":49,"loc":{"start":{"line":49,"column":16},"end":{"line":51,"column":64}},"locations":[{"start":{"line":49,"column":16},"end":{"line":51,"column":64}}]},"12":{"type":"branch","line":51,"loc":{"start":{"line":51,"column":64},"end":{"line":54,"column":5}},"locations":[{"start":{"line":51,"column":64},"end":{"line":54,"column":5}}]},"13":{"type":"branch","line":53,"loc":{"start":{"line":53,"column":85},"end":{"line":53,"column":95}},"locations":[{"start":{"line":53,"column":85},"end":{"line":53,"column":95}}]},"14":{"type":"branch","line":54,"loc":{"start":{"line":54,"column":4},"end":{"line":57,"column":45}},"locations":[{"start":{"line":54,"column":4},"end":{"line":57,"column":45}}]},"15":{"type":"branch","line":60,"loc":{"start":{"line":60,"column":2},"end":{"line":107,"column":3}},"locations":[{"start":{"line":60,"column":2},"end":{"line":107,"column":3}}]},"16":{"type":"branch","line":63,"loc":{"start":{"line":63,"column":35},"end":{"line":66,"column":21}},"locations":[{"start":{"line":63,"column":35},"end":{"line":66,"column":21}}]},"17":{"type":"branch","line":64,"loc":{"start":{"line":64,"column":12},"end":{"line":64,"column":37}},"locations":[{"start":{"line":64,"column":12},"end":{"line":64,"column":37}}]},"18":{"type":"branch","line":64,"loc":{"start":{"line":64,"column":31},"end":{"line":65,"column":63}},"locations":[{"start":{"line":64,"column":31},"end":{"line":65,"column":63}}]},"19":{"type":"branch","line":65,"loc":{"start":{"line":65,"column":62},"end":{"line":66,"column":21}},"locations":[{"start":{"line":65,"column":62},"end":{"line":66,"column":21}}]},"20":{"type":"branch","line":68,"loc":{"start":{"line":68,"column":16},"end":{"line":68,"column":23}},"locations":[{"start":{"line":68,"column":16},"end":{"line":68,"column":23}}]},"21":{"type":"branch","line":68,"loc":{"start":{"line":68,"column":16},"end":{"line":74,"column":26}},"locations":[{"start":{"line":68,"column":16},"end":{"line":74,"column":26}}]},"22":{"type":"branch","line":74,"loc":{"start":{"line":74,"column":26},"end":{"line":89,"column":5}},"locations":[{"start":{"line":74,"column":26},"end":{"line":89,"column":5}}]},"23":{"type":"branch","line":76,"loc":{"start":{"line":76,"column":76},"end":{"line":76,"column":83}},"locations":[{"start":{"line":76,"column":76},"end":{"line":76,"column":83}}]},"24":{"type":"branch","line":81,"loc":{"start":{"line":81,"column":44},"end":{"line":82,"column":53}},"locations":[{"start":{"line":81,"column":44},"end":{"line":82,"column":53}}]},"25":{"type":"branch","line":83,"loc":{"start":{"line":83,"column":8},"end":{"line":88,"column":7}},"locations":[{"start":{"line":83,"column":8},"end":{"line":88,"column":7}}]},"26":{"type":"branch","line":89,"loc":{"start":{"line":89,"column":4},"end":{"line":91,"column":27}},"locations":[{"start":{"line":89,"column":4},"end":{"line":91,"column":27}}]},"27":{"type":"branch","line":91,"loc":{"start":{"line":91,"column":27},"end":{"line":95,"column":5}},"locations":[{"start":{"line":91,"column":27},"end":{"line":95,"column":5}}]},"28":{"type":"branch","line":93,"loc":{"start":{"line":93,"column":17},"end":{"line":93,"column":34}},"locations":[{"start":{"line":93,"column":17},"end":{"line":93,"column":34}}]},"29":{"type":"branch","line":93,"loc":{"start":{"line":93,"column":32},"end":{"line":94,"column":43}},"locations":[{"start":{"line":93,"column":32},"end":{"line":94,"column":43}}]},"30":{"type":"branch","line":95,"loc":{"start":{"line":95,"column":4},"end":{"line":97,"column":23}},"locations":[{"start":{"line":95,"column":4},"end":{"line":97,"column":23}}]},"31":{"type":"branch","line":97,"loc":{"start":{"line":97,"column":23},"end":{"line":100,"column":5}},"locations":[{"start":{"line":97,"column":23},"end":{"line":100,"column":5}}]},"32":{"type":"branch","line":100,"loc":{"start":{"line":100,"column":4},"end":{"line":102,"column":31}},"locations":[{"start":{"line":100,"column":4},"end":{"line":102,"column":31}}]},"33":{"type":"branch","line":102,"loc":{"start":{"line":102,"column":31},"end":{"line":104,"column":5}},"locations":[{"start":{"line":102,"column":31},"end":{"line":104,"column":5}}]},"34":{"type":"branch","line":104,"loc":{"start":{"line":104,"column":4},"end":{"line":106,"column":43}},"locations":[{"start":{"line":104,"column":4},"end":{"line":106,"column":43}}]},"35":{"type":"branch","line":109,"loc":{"start":{"line":109,"column":2},"end":{"line":115,"column":3}},"locations":[{"start":{"line":109,"column":2},"end":{"line":115,"column":3}}]},"36":{"type":"branch","line":111,"loc":{"start":{"line":111,"column":33},"end":{"line":111,"column":76}},"locations":[{"start":{"line":111,"column":33},"end":{"line":111,"column":76}}]},"37":{"type":"branch","line":117,"loc":{"start":{"line":117,"column":2},"end":{"line":123,"column":3}},"locations":[{"start":{"line":117,"column":2},"end":{"line":123,"column":3}}]},"38":{"type":"branch","line":118,"loc":{"start":{"line":118,"column":25},"end":{"line":118,"column":32}},"locations":[{"start":{"line":118,"column":25},"end":{"line":118,"column":32}}]},"39":{"type":"branch","line":118,"loc":{"start":{"line":118,"column":25},"end":{"line":122,"column":29}},"locations":[{"start":{"line":118,"column":25},"end":{"line":122,"column":29}}]},"40":{"type":"branch","line":125,"loc":{"start":{"line":125,"column":10},"end":{"line":127,"column":3}},"locations":[{"start":{"line":125,"column":10},"end":{"line":127,"column":3}}]},"41":{"type":"branch","line":126,"loc":{"start":{"line":126,"column":25},"end":{"line":126,"column":67}},"locations":[{"start":{"line":126,"column":25},"end":{"line":126,"column":67}}]},"42":{"type":"branch","line":129,"loc":{"start":{"line":129,"column":10},"end":{"line":134,"column":3}},"locations":[{"start":{"line":129,"column":10},"end":{"line":134,"column":3}}]},"43":{"type":"branch","line":132,"loc":{"start":{"line":132,"column":18},"end":{"line":132,"column":47}},"locations":[{"start":{"line":132,"column":18},"end":{"line":132,"column":47}}]},"44":{"type":"branch","line":133,"loc":{"start":{"line":133,"column":28},"end":{"line":133,"column":59}},"locations":[{"start":{"line":133,"column":28},"end":{"line":133,"column":59}}]},"45":{"type":"branch","line":133,"loc":{"start":{"line":133,"column":55},"end":{"line":133,"column":67}},"locations":[{"start":{"line":133,"column":55},"end":{"line":133,"column":67}}]},"46":{"type":"branch","line":133,"loc":{"start":{"line":133,"column":59},"end":{"line":133,"column":77}},"locations":[{"start":{"line":133,"column":59},"end":{"line":133,"column":77}}]},"47":{"type":"branch","line":136,"loc":{"start":{"line":136,"column":10},"end":{"line":140,"column":3}},"locations":[{"start":{"line":136,"column":10},"end":{"line":140,"column":3}}]},"48":{"type":"branch","line":139,"loc":{"start":{"line":139,"column":11},"end":{"line":139,"column":51}},"locations":[{"start":{"line":139,"column":11},"end":{"line":139,"column":51}}]},"49":{"type":"branch","line":142,"loc":{"start":{"line":142,"column":10},"end":{"line":148,"column":3}},"locations":[{"start":{"line":142,"column":10},"end":{"line":148,"column":3}}]},"50":{"type":"branch","line":147,"loc":{"start":{"line":147,"column":6},"end":{"line":147,"column":33}},"locations":[{"start":{"line":147,"column":6},"end":{"line":147,"column":33}}]},"51":{"type":"branch","line":150,"loc":{"start":{"line":150,"column":10},"end":{"line":152,"column":3}},"locations":[{"start":{"line":150,"column":10},"end":{"line":152,"column":3}}]},"52":{"type":"branch","line":154,"loc":{"start":{"line":154,"column":2},"end":{"line":170,"column":3}},"locations":[{"start":{"line":154,"column":2},"end":{"line":170,"column":3}}]},"53":{"type":"branch","line":155,"loc":{"start":{"line":155,"column":9},"end":{"line":155,"column":88}},"locations":[{"start":{"line":155,"column":9},"end":{"line":155,"column":88}}]},"54":{"type":"branch","line":155,"loc":{"start":{"line":155,"column":44},"end":{"line":155,"column":88}},"locations":[{"start":{"line":155,"column":44},"end":{"line":155,"column":88}}]},"55":{"type":"branch","line":155,"loc":{"start":{"line":155,"column":88},"end":{"line":157,"column":5}},"locations":[{"start":{"line":155,"column":88},"end":{"line":157,"column":5}}]},"56":{"type":"branch","line":157,"loc":{"start":{"line":157,"column":4},"end":{"line":165,"column":38}},"locations":[{"start":{"line":157,"column":4},"end":{"line":165,"column":38}}]},"57":{"type":"branch","line":165,"loc":{"start":{"line":165,"column":38},"end":{"line":165,"column":45}},"locations":[{"start":{"line":165,"column":38},"end":{"line":165,"column":45}}]},"58":{"type":"branch","line":165,"loc":{"start":{"line":165,"column":38},"end":{"line":169,"column":7}},"locations":[{"start":{"line":165,"column":38},"end":{"line":169,"column":7}}]},"59":{"type":"branch","line":167,"loc":{"start":{"line":167,"column":28},"end":{"line":169,"column":5}},"locations":[{"start":{"line":167,"column":28},"end":{"line":169,"column":5}}]},"60":{"type":"branch","line":168,"loc":{"start":{"line":168,"column":34},"end":{"line":168,"column":49}},"locations":[{"start":{"line":168,"column":34},"end":{"line":168,"column":49}}]},"61":{"type":"branch","line":172,"loc":{"start":{"line":172,"column":10},"end":{"line":174,"column":3}},"locations":[{"start":{"line":172,"column":10},"end":{"line":174,"column":3}}]},"62":{"type":"branch","line":173,"loc":{"start":{"line":173,"column":50},"end":{"line":173,"column":62}},"locations":[{"start":{"line":173,"column":50},"end":{"line":173,"column":62}}]},"63":{"type":"branch","line":176,"loc":{"start":{"line":176,"column":10},"end":{"line":191,"column":3}},"locations":[{"start":{"line":176,"column":10},"end":{"line":191,"column":3}}]},"64":{"type":"branch","line":177,"loc":{"start":{"line":177,"column":70},"end":{"line":181,"column":5}},"locations":[{"start":{"line":177,"column":70},"end":{"line":181,"column":5}}]},"65":{"type":"branch","line":178,"loc":{"start":{"line":178,"column":33},"end":{"line":180,"column":7}},"locations":[{"start":{"line":178,"column":33},"end":{"line":180,"column":7}}]},"66":{"type":"branch","line":182,"loc":{"start":{"line":182,"column":81},"end":{"line":186,"column":5}},"locations":[{"start":{"line":182,"column":81},"end":{"line":186,"column":5}}]}},"b":{"0":[19],"1":[19],"2":[24],"3":[13],"4":[3],"5":[1],"6":[11],"7":[10],"8":[1],"9":[10],"10":[1],"11":[9],"12":[8],"13":[0],"14":[9],"15":[21],"16":[2],"17":[1],"18":[1],"19":[1],"20":[1],"21":[20],"22":[7],"23":[0],"24":[6],"25":[1],"26":[20],"27":[19],"28":[6],"29":[13],"30":[20],"31":[11],"32":[20],"33":[1],"34":[20],"35":[5],"36":[3],"37":[3],"38":[1],"39":[2],"40":[44],"41":[24],"42":[13],"43":[12],"44":[10],"45":[10],"46":[3],"47":[13],"48":[12],"49":[20],"50":[19],"51":[20],"52":[24],"53":[20],"54":[12],"55":[10],"56":[14],"57":[1],"58":[13],"59":[13],"60":[13],"61":[12],"62":[0],"63":[14],"64":[24],"65":[22],"66":[1]},"fnMap":{"0":{"name":"<instance_members_initializer>","decl":{"start":{"line":13,"column":60},"end":{"line":192,"column":1}},"loc":{"start":{"line":13,"column":60},"end":{"line":192,"column":1}},"line":13},"1":{"name":"RunBatchSpanProcessor","decl":{"start":{"line":25,"column":2},"end":{"line":27,"column":3}},"loc":{"start":{"line":25,"column":2},"end":{"line":27,"column":3}},"line":25},"2":{"name":"onStart","decl":{"start":{"line":29,"column":2},"end":{"line":58,"column":3}},"loc":{"start":{"line":29,"column":2},"end":{"line":58,"column":3}},"line":29},"3":{"name":"onEnd","decl":{"start":{"line":60,"column":2},"end":{"line":107,"column":3}},"loc":{"start":{"line":60,"column":2},"end":{"line":107,"column":3}},"line":60},"4":{"name":"forceFlush","decl":{"start":{"line":109,"column":2},"end":{"line":115,"column":3}},"loc":{"start":{"line":109,"column":2},"end":{"line":115,"column":3}},"line":109},"5":{"name":"shutdown","decl":{"start":{"line":117,"column":2},"end":{"line":123,"column":3}},"loc":{"start":{"line":117,"column":2},"end":{"line":123,"column":3}},"line":117},"6":{"name":"isTopLevelRun","decl":{"start":{"line":125,"column":10},"end":{"line":127,"column":3}},"loc":{"start":{"line":125,"column":10},"end":{"line":127,"column":3}},"line":125},"7":{"name":"getRunIdFromSpan","decl":{"start":{"line":129,"column":10},"end":{"line":134,"column":3}},"loc":{"start":{"line":129,"column":10},"end":{"line":134,"column":3}},"line":129},"8":{"name":"isAutoEndEnabled","decl":{"start":{"line":136,"column":10},"end":{"line":140,"column":3}},"loc":{"start":{"line":136,"column":10},"end":{"line":140,"column":3}},"line":136},"9":{"name":"getInstrumentationScopeName","decl":{"start":{"line":142,"column":10},"end":{"line":148,"column":3}},"loc":{"start":{"line":142,"column":10},"end":{"line":148,"column":3}},"line":142},"10":{"name":"shouldSkipExport","decl":{"start":{"line":150,"column":10},"end":{"line":152,"column":3}},"loc":{"start":{"line":150,"column":10},"end":{"line":152,"column":3}},"line":150},"11":{"name":"exportRunBatch","decl":{"start":{"line":154,"column":2},"end":{"line":170,"column":3}},"loc":{"start":{"line":154,"column":2},"end":{"line":170,"column":3}},"line":154},"12":{"name":"hasNoOpenDirectChildren","decl":{"start":{"line":172,"column":10},"end":{"line":174,"column":3}},"loc":{"start":{"line":172,"column":10},"end":{"line":174,"column":3}},"line":172},"13":{"name":"clearRunMapping","decl":{"start":{"line":176,"column":10},"end":{"line":191,"column":3}},"loc":{"start":{"line":176,"column":10},"end":{"line":191,"column":3}},"line":176}},"f":{"0":19,"1":19,"2":24,"3":21,"4":5,"5":3,"6":44,"7":13,"8":13,"9":20,"10":20,"11":24,"12":12,"13":14}}
,"/Users/colegawin/Desktop/sdk/packages/ts/tracing/src/trace-wrapper.ts": {"path":"/Users/colegawin/Desktop/sdk/packages/ts/tracing/src/trace-wrapper.ts","all":false,"statementMap":{"0":{"start":{"line":1,"column":0},"end":{"line":1,"column":72}},"1":{"start":{"line":2,"column":0},"end":{"line":2,"column":36}},"2":{"start":{"line":3,"column":0},"end":{"line":3,"column":60}},"52":{"start":{"line":53,"column":0},"end":{"line":53,"column":146}},"53":{"start":{"line":54,"column":0},"end":{"line":54,"column":68}},"55":{"start":{"line":56,"column":0},"end":{"line":56,"column":44}},"58":{"start":{"line":59,"column":0},"end":{"line":59,"column":27}},"59":{"start":{"line":60,"column":0},"end":{"line":60,"column":51}},"60":{"start":{"line":61,"column":0},"end":{"line":61,"column":19}},"61":{"start":{"line":62,"column":0},"end":{"line":62,"column":35}},"62":{"start":{"line":63,"column":0},"end":{"line":63,"column":30}},"63":{"start":{"line":64,"column":0},"end":{"line":64,"column":91}},"64":{"start":{"line":65,"column":0},"end":{"line":65,"column":61}},"65":{"start":{"line":66,"column":0},"end":{"line":66,"column":8}},"66":{"start":{"line":67,"column":0},"end":{"line":67,"column":21}},"69":{"start":{"line":70,"column":0},"end":{"line":70,"column":50}},"70":{"start":{"line":71,"column":0},"end":{"line":71,"column":54}},"71":{"start":{"line":72,"column":0},"end":{"line":72,"column":26}},"73":{"start":{"line":74,"column":0},"end":{"line":74,"column":9}},"74":{"start":{"line":75,"column":0},"end":{"line":75,"column":50}},"75":{"start":{"line":76,"column":0},"end":{"line":76,"column":59}},"76":{"start":{"line":77,"column":0},"end":{"line":77,"column":53}},"77":{"start":{"line":78,"column":0},"end":{"line":78,"column":27}},"78":{"start":{"line":79,"column":0},"end":{"line":79,"column":21}},"79":{"start":{"line":80,"column":0},"end":{"line":80,"column":22}},"80":{"start":{"line":81,"column":0},"end":{"line":81,"column":10}},"82":{"start":{"line":83,"column":0},"end":{"line":83,"column":49}},"83":{"start":{"line":84,"column":0},"end":{"line":84,"column":90}},"84":{"start":{"line":85,"column":0},"end":{"line":85,"column":62}},"85":{"start":{"line":86,"column":0},"end":{"line":86,"column":10}},"87":{"start":{"line":88,"column":0},"end":{"line":88,"column":92}},"89":{"start":{"line":90,"column":0},"end":{"line":90,"column":39}},"90":{"start":{"line":91,"column":0},"end":{"line":91,"column":9}},"91":{"start":{"line":92,"column":0},"end":{"line":92,"column":19}},"93":{"start":{"line":94,"column":0},"end":{"line":94,"column":41}},"94":{"start":{"line":95,"column":0},"end":{"line":95,"column":58}},"96":{"start":{"line":97,"column":0},"end":{"line":97,"column":16}},"97":{"start":{"line":98,"column":0},"end":{"line":98,"column":5}},"98":{"start":{"line":99,"column":0},"end":{"line":99,"column":4}},"100":{"start":{"line":101,"column":0},"end":{"line":101,"column":25}},"101":{"start":{"line":102,"column":0},"end":{"line":102,"column":1}}},"s":{"0":1,"1":1,"2":1,"52":1,"53":12,"55":12,"58":12,"59":12,"60":12,"61":12,"62":12,"63":12,"64":12,"65":12,"66":12,"69":12,"70":12,"71":12,"73":12,"74":12,"75":12,"76":4,"77":2,"78":2,"79":2,"80":4,"82":12,"83":2,"84":2,"85":2,"87":12,"89":11,"90":12,"91":12,"93":1,"94":1,"96":1,"97":1,"98":12,"100":12,"101":12},"branchMap":{"0":{"type":"branch","line":53,"loc":{"start":{"line":53,"column":7},"end":{"line":102,"column":1}},"locations":[{"start":{"line":53,"column":7},"end":{"line":102,"column":1}}]},"1":{"type":"branch","line":54,"loc":{"start":{"line":54,"column":26},"end":{"line":99,"column":4}},"locations":[{"start":{"line":54,"column":26},"end":{"line":99,"column":4}}]},"2":{"type":"branch","line":64,"loc":{"start":{"line":64,"column":55},"end":{"line":64,"column":91}},"locations":[{"start":{"line":64,"column":55},"end":{"line":64,"column":91}}]},"3":{"type":"branch","line":64,"loc":{"start":{"line":64,"column":60},"end":{"line":64,"column":86}},"locations":[{"start":{"line":64,"column":60},"end":{"line":64,"column":86}}]},"4":{"type":"branch","line":65,"loc":{"start":{"line":65,"column":31},"end":{"line":65,"column":56}},"locations":[{"start":{"line":65,"column":31},"end":{"line":65,"column":56}}]},"5":{"type":"branch","line":71,"loc":{"start":{"line":71,"column":24},"end":{"line":71,"column":49}},"locations":[{"start":{"line":71,"column":24},"end":{"line":71,"column":49}}]},"6":{"type":"branch","line":92,"loc":{"start":{"line":92,"column":4},"end":{"line":98,"column":5}},"locations":[{"start":{"line":92,"column":4},"end":{"line":98,"column":5}}]},"7":{"type":"branch","line":75,"loc":{"start":{"line":75,"column":37},"end":{"line":91,"column":7}},"locations":[{"start":{"line":75,"column":37},"end":{"line":91,"column":7}}]},"8":{"type":"branch","line":88,"loc":{"start":{"line":88,"column":90},"end":{"line":90,"column":39}},"locations":[{"start":{"line":88,"column":90},"end":{"line":90,"column":39}}]},"9":{"type":"branch","line":76,"loc":{"start":{"line":76,"column":27},"end":{"line":81,"column":10}},"locations":[{"start":{"line":76,"column":27},"end":{"line":81,"column":10}}]},"10":{"type":"branch","line":77,"loc":{"start":{"line":77,"column":14},"end":{"line":77,"column":40}},"locations":[{"start":{"line":77,"column":14},"end":{"line":77,"column":40}}]},"11":{"type":"branch","line":77,"loc":{"start":{"line":77,"column":40},"end":{"line":80,"column":22}},"locations":[{"start":{"line":77,"column":40},"end":{"line":80,"column":22}}]},"12":{"type":"branch","line":83,"loc":{"start":{"line":83,"column":28},"end":{"line":86,"column":10}},"locations":[{"start":{"line":83,"column":28},"end":{"line":86,"column":10}}]},"13":{"type":"branch","line":84,"loc":{"start":{"line":84,"column":48},"end":{"line":84,"column":64}},"locations":[{"start":{"line":84,"column":48},"end":{"line":84,"column":64}}]},"14":{"type":"branch","line":84,"loc":{"start":{"line":84,"column":56},"end":{"line":84,"column":88}},"locations":[{"start":{"line":84,"column":56},"end":{"line":84,"column":88}}]}},"b":{"0":[12],"1":[12],"2":[11],"3":[4],"4":[4],"5":[4],"6":[1],"7":[12],"8":[11],"9":[4],"10":[3],"11":[2],"12":[2],"13":[1],"14":[1]},"fnMap":{"0":{"name":"wrapAgent","decl":{"start":{"line":53,"column":7},"end":{"line":102,"column":1}},"loc":{"start":{"line":53,"column":7},"end":{"line":102,"column":1}},"line":53},"1":{"name":"wrappedFunction","decl":{"start":{"line":54,"column":26},"end":{"line":99,"column":4}},"loc":{"start":{"line":54,"column":26},"end":{"line":99,"column":4}},"line":54},"2":{"name":"onComplete","decl":{"start":{"line":76,"column":27},"end":{"line":81,"column":10}},"loc":{"start":{"line":76,"column":27},"end":{"line":81,"column":10}},"line":76},"3":{"name":"recordError","decl":{"start":{"line":83,"column":28},"end":{"line":86,"column":10}},"loc":{"start":{"line":83,"column":28},"end":{"line":86,"column":10}},"line":83}},"f":{"0":12,"1":12,"2":4,"3":2}}
}
